<?xml version="1.0" encoding="UTF-8"?>
<testsuite name="com.telran.wikipedia.FirstTest" tests="1" skipped="0" failures="0" errors="0" timestamp="2020-02-23T14:18:31" hostname="LAPTOP-TE88LQFD" time="0.002">
  <properties/>
  <testcase name="openApp" classname="com.telran.wikipedia.FirstTest" time="0.002"/>
  <system-out><![CDATA[App opened
]]></system-out>
  <system-err><![CDATA[Feb 23, 2020 4:18:31 PM io.appium.java_client.remote.AppiumCommandExecutor$1 lambda$0
INFO: Detected dialect: W3C
]]></system-err>
</testsuite>
